-------------------------------------------------------------------------------
Test set: com.web.spring.JwtOauth2SecurityApplicationTests
-------------------------------------------------------------------------------
Tests run: 1, Failures: 0, Errors: 1, Skipped: 0, Time elapsed: 4.291 s <<< FAILURE! - in com.web.spring.JwtOauth2SecurityApplicationTests
contextLoads  Time elapsed: 0.021 s  <<< ERROR!
java.lang.IllegalStateException: Failed to load ApplicationContext
Caused by: org.springframework.beans.factory.UnsatisfiedDependencyException: Error creating bean with name 'configOAuth2': Unsatisfied dependency expressed through field 'authenticationManager'; nested exception is org.springframework.beans.factory.BeanCurrentlyInCreationException: Error creating bean with name 'securityConfiguration': Requested bean is currently in creation: Is there an unresolvable circular reference?
Caused by: org.springframework.beans.factory.BeanCurrentlyInCreationException: Error creating bean with name 'securityConfiguration': Requested bean is currently in creation: Is there an unresolvable circular reference?

